# JRE version: OpenJDK Runtime Environment (11.0.11+9) (build 11.0.11+9-b60-7590822)
# Java VM: OpenJDK 64-Bit Server VM (11.0.11+9-b60-7590822, mixed mode, tiered, compressed oops, g1 gc, windows-amd64)
Heap:
 garbage-first heap   total 752640K, used 246347K [0x0000000080000000, 0x0000000100000000)
  region size 1024K, 10 young (10240K), 10 survivors (10240K)
 Metaspace       used 100397K, capacity 102844K, committed 103120K, reserved 1138688K
  class space    used 13095K, capacity 14041K, committed 14156K, reserved 1048576K
GC Heap History (20 events):
Event: 74.673 GC heap after
{Heap after GC invocations=100 (full 0):
 garbage-first heap   total 192512K, used 150140K [0x0000000080000000, 0x0000000100000000)
  region size 1024K, 2 young (2048K), 2 survivors (2048K)
 Metaspace       used 96459K, capacity 98632K, committed 98896K, reserved 1134592K
  class space    used 12610K, capacity 13443K, committed 13516K, reserved 1048576K
}
Event: 74.865 GC heap before
{Heap before GC invocations=100 (full 0):
 garbage-first heap   total 192512K, used 159356K [0x0000000080000000, 0x0000000100000000)
  region size 1024K, 11 young (11264K), 2 survivors (2048K)
 Metaspace       used 96563K, capacity 98771K, committed 98896K, reserved 1134592K
  class space    used 12610K, capacity 13443K, committed 13516K, reserved 1048576K
}
Event: 74.878 GC heap after
{Heap after GC invocations=101 (full 0):
 garbage-first heap   total 192512K, used 155076K [0x0000000080000000, 0x0000000100000000)
  region size 1024K, 2 young (2048K), 2 survivors (2048K)
 Metaspace       used 96563K, capacity 98771K, committed 98896K, reserved 1134592K
  class space    used 12610K, capacity 13443K, committed 13516K, reserved 1048576K
}
Event: 74.962 GC heap before
{Heap before GC invocations=101 (full 0):
 garbage-first heap   total 192512K, used 162244K [0x0000000080000000, 0x0000000100000000)
  region size 1024K, 9 young (9216K), 2 survivors (2048K)
 Metaspace       used 96570K, capacity 98771K, committed 98896K, reserved 1134592K
  class space    used 12610K, capacity 13443K, committed 13516K, reserved 1048576K
}
Event: 74.976 GC heap after
{Heap after GC invocations=102 (full 0):
 garbage-first heap   total 248832K, used 159171K [0x0000000080000000, 0x0000000100000000)
  region size 1024K, 2 young (2048K), 2 survivors (2048K)
 Metaspace       used 96570K, capacity 98771K, committed 98896K, reserved 1134592K
  class space    used 12610K, capacity 13443K, committed 13516K, reserved 1048576K
}
Event: 75.269 GC heap before
{Heap before GC invocations=102 (full 0):
 garbage-first heap   total 248832K, used 181699K [0x0000000080000000, 0x0000000100000000)
  region size 1024K, 24 young (24576K), 2 survivors (2048K)
 Metaspace       used 96584K, capacity 98774K, committed 98896K, reserved 1134592K
  class space    used 12610K, capacity 13443K, committed 13516K, reserved 1048576K
}
Event: 75.302 GC heap after
{Heap after GC invocations=103 (full 0):
 garbage-first heap   total 248832K, used 170547K [0x0000000080000000, 0x0000000100000000)
  region size 1024K, 3 young (3072K), 3 survivors (3072K)
 Metaspace       used 96584K, capacity 98774K, committed 98896K, reserved 1134592K
  class space    used 12610K, capacity 13443K, committed 13516K, reserved 1048576K
}
Event: 75.642 GC heap before
{Heap before GC invocations=104 (full 0):
 garbage-first heap   total 248832K, used 190003K [0x0000000080000000, 0x0000000100000000)
  region size 1024K, 22 young (22528K), 3 survivors (3072K)
 Metaspace       used 96594K, capacity 98774K, committed 98896K, reserved 1134592K
  class space    used 12610K, capacity 13443K, committed 13516K, reserved 1048576K
}
Event: 75.679 GC heap after
{Heap after GC invocations=105 (full 0):
 garbage-first heap   total 248832K, used 181052K [0x0000000080000000, 0x0000000100000000)
  region size 1024K, 3 young (3072K), 3 survivors (3072K)
 Metaspace       used 96594K, capacity 98774K, committed 98896K, reserved 1134592K
  class space    used 12610K, capacity 13443K, committed 13516K, reserved 1048576K
}
Event: 75.865 GC heap before
{Heap before GC invocations=105 (full 0):
 garbage-first heap   total 248832K, used 197436K [0x0000000080000000, 0x0000000100000000)
  region size 1024K, 19 young (19456K), 3 survivors (3072K)
 Metaspace       used 96594K, capacity 98774K, committed 98896K, reserved 1134592K
  class space    used 12610K, capacity 13443K, committed 13516K, reserved 1048576K
}
Event: 75.892 GC heap after
{Heap after GC invocations=106 (full 0):
 garbage-first heap   total 248832K, used 190381K [0x0000000080000000, 0x0000000100000000)
  region size 1024K, 3 young (3072K), 3 survivors (3072K)
 Metaspace       used 96594K, capacity 98774K, committed 98896K, reserved 1134592K
  class space    used 12610K, capacity 13443K, committed 13516K, reserved 1048576K
}
Event: 76.350 GC heap before
{Heap before GC invocations=106 (full 0):
 garbage-first heap   total 248832K, used 202669K [0x0000000080000000, 0x0000000100000000)
  region size 1024K, 16 young (16384K), 3 survivors (3072K)
 Metaspace       used 97396K, capacity 99594K, committed 99792K, reserved 1136640K
  class space    used 12731K, capacity 13566K, committed 13644K, reserved 1048576K
}
Event: 76.391 GC heap after
{Heap after GC invocations=107 (full 0):
 garbage-first heap   total 498688K, used 196424K [0x0000000080000000, 0x0000000100000000)
  region size 1024K, 2 young (2048K), 2 survivors (2048K)
 Metaspace       used 97396K, capacity 99594K, committed 99792K, reserved 1136640K
  class space    used 12731K, capacity 13566K, committed 13644K, reserved 1048576K
}
Event: 78.759 GC heap before
{Heap before GC invocations=108 (full 0):
 garbage-first heap   total 498688K, used 280392K [0x0000000080000000, 0x0000000100000000)
  region size 1024K, 83 young (84992K), 2 survivors (2048K)
 Metaspace       used 99454K, capacity 101798K, committed 101968K, reserved 1136640K
  class space    used 13017K, capacity 13920K, committed 14028K, reserved 1048576K
}
Event: 78.815 GC heap after
{Heap after GC invocations=109 (full 0):
 garbage-first heap   total 498688K, used 206605K [0x0000000080000000, 0x0000000100000000)
  region size 1024K, 11 young (11264K), 11 survivors (11264K)
 Metaspace       used 99454K, capacity 101798K, committed 101968K, reserved 1136640K
  class space    used 13017K, capacity 13920K, committed 14028K, reserved 1048576K
}
Event: 81.772 GC heap before
{Heap before GC invocations=109 (full 0):
 garbage-first heap   total 498688K, used 336653K [0x0000000080000000, 0x0000000100000000)
  region size 1024K, 115 young (117760K), 11 survivors (11264K)
 Metaspace       used 100099K, capacity 102594K, committed 102864K, reserved 1138688K
  class space    used 13083K, capacity 14029K, committed 14156K, reserved 1048576K
}
Event: 81.836 GC heap after
{Heap after GC invocations=110 (full 0):
 garbage-first heap   total 498688K, used 237989K [0x0000000080000000, 0x0000000100000000)
  region size 1024K, 10 young (10240K), 10 survivors (10240K)
 Metaspace       used 100099K, capacity 102594K, committed 102864K, reserved 1138688K
  class space    used 13083K, capacity 14029K, committed 14156K, reserved 1048576K
}
Event: 81.980 GC heap before
{Heap before GC invocations=110 (full 0):
 garbage-first heap   total 498688K, used 264613K [0x0000000080000000, 0x0000000100000000)
  region size 1024K, 37 young (37888K), 10 survivors (10240K)
 Metaspace       used 100148K, capacity 102599K, committed 102864K, reserved 1138688K
  class space    used 13086K, capacity 14030K, committed 14156K, reserved 1048576K
}
Event: 82.018 GC heap after
{Heap after GC invocations=111 (full 0):
 garbage-first heap   total 498688K, used 243612K [0x0000000080000000, 0x0000000100000000)
  region size 1024K, 15 young (15360K), 15 survivors (15360K)
 Metaspace       used 100148K, capacity 102599K, committed 102864K, reserved 1138688K
  class space    used 13086K, capacity 14030K, committed 14156K, reserved 1048576K
}
Event: 83.746 GC heap before
{Heap before GC invocations=112 (full 0):
 garbage-first heap   total 498688K, used 338844K [0x0000000080000000, 0x0000000100000000)
  region size 1024K, 110 young (112640K), 15 survivors (15360K)
 Metaspace       used 100397K, capacity 102844K, committed 103120K, reserved 1138688K
  class space    used 13095K, capacity 14041K, committed 14156K, reserved 1048576K
}

