# JRE version: OpenJDK Runtime Environment (11.0.11+9) (build 11.0.11+9-b60-7590822)
# Java VM: OpenJDK 64-Bit Server VM (11.0.11+9-b60-7590822, mixed mode, tiered, compressed oops, g1 gc, windows-amd64)
Heap:
 garbage-first heap   total 548864K, used 298796K [0x0000000080000000, 0x0000000100000000)
  region size 1024K, 1 young (1024K), 1 survivors (1024K)
 Metaspace       used 121490K, capacity 124806K, committed 125084K, reserved 1157120K
  class space    used 15546K, capacity 16795K, committed 16896K, reserved 1048576K
GC Heap History (20 events):
Event: 251.630 GC heap after
{Heap after GC invocations=141 (full 0):
 garbage-first heap   total 408576K, used 203645K [0x0000000080000000, 0x0000000100000000)
  region size 1024K, 3 young (3072K), 3 survivors (3072K)
 Metaspace       used 121058K, capacity 124338K, committed 124572K, reserved 1157120K
  class space    used 15522K, capacity 16754K, committed 16896K, reserved 1048576K
}
Event: 253.814 GC heap before
{Heap before GC invocations=141 (full 0):
 garbage-first heap   total 408576K, used 223101K [0x0000000080000000, 0x0000000100000000)
  region size 1024K, 19 young (19456K), 3 survivors (3072K)
 Metaspace       used 121136K, capacity 124424K, committed 124828K, reserved 1157120K
  class space    used 15535K, capacity 16763K, committed 16896K, reserved 1048576K
}
Event: 253.897 GC heap after
{Heap after GC invocations=142 (full 0):
 garbage-first heap   total 408576K, used 199127K [0x0000000080000000, 0x0000000100000000)
  region size 1024K, 3 young (3072K), 3 survivors (3072K)
 Metaspace       used 121136K, capacity 124424K, committed 124828K, reserved 1157120K
  class space    used 15535K, capacity 16763K, committed 16896K, reserved 1048576K
}
Event: 256.575 GC heap before
{Heap before GC invocations=142 (full 0):
 garbage-first heap   total 408576K, used 296407K [0x0000000080000000, 0x0000000100000000)
  region size 1024K, 99 young (101376K), 3 survivors (3072K)
 Metaspace       used 121302K, capacity 124654K, committed 124828K, reserved 1157120K
  class space    used 15543K, capacity 16795K, committed 16896K, reserved 1048576K
}
Event: 256.845 GC heap after
{Heap after GC invocations=143 (full 0):
 garbage-first heap   total 408576K, used 248246K [0x0000000080000000, 0x0000000100000000)
  region size 1024K, 13 young (13312K), 13 survivors (13312K)
 Metaspace       used 121302K, capacity 124654K, committed 124828K, reserved 1157120K
  class space    used 15543K, capacity 16795K, committed 16896K, reserved 1048576K
}
Event: 257.152 GC heap before
{Heap before GC invocations=143 (full 0):
 garbage-first heap   total 408576K, used 256438K [0x0000000080000000, 0x0000000100000000)
  region size 1024K, 21 young (21504K), 13 survivors (13312K)
 Metaspace       used 121302K, capacity 124654K, committed 124828K, reserved 1157120K
  class space    used 15543K, capacity 16795K, committed 16896K, reserved 1048576K
}
Event: 257.293 GC heap after
{Heap after GC invocations=144 (full 0):
 garbage-first heap   total 408576K, used 251904K [0x0000000080000000, 0x0000000100000000)
  region size 1024K, 3 young (3072K), 3 survivors (3072K)
 Metaspace       used 121302K, capacity 124654K, committed 124828K, reserved 1157120K
  class space    used 15543K, capacity 16795K, committed 16896K, reserved 1048576K
}
Event: 258.448 GC heap before
{Heap before GC invocations=144 (full 0):
 garbage-first heap   total 408576K, used 289792K [0x0000000080000000, 0x0000000100000000)
  region size 1024K, 41 young (41984K), 3 survivors (3072K)
 Metaspace       used 121341K, capacity 124663K, committed 124828K, reserved 1157120K
  class space    used 15543K, capacity 16795K, committed 16896K, reserved 1048576K
}
Event: 258.504 GC heap after
{Heap after GC invocations=145 (full 0):
 garbage-first heap   total 408576K, used 257024K [0x0000000080000000, 0x0000000100000000)
  region size 1024K, 6 young (6144K), 6 survivors (6144K)
 Metaspace       used 121341K, capacity 124663K, committed 124828K, reserved 1157120K
  class space    used 15543K, capacity 16795K, committed 16896K, reserved 1048576K
}
Event: 260.007 GC heap before
{Heap before GC invocations=145 (full 0):
 garbage-first heap   total 408576K, used 307200K [0x0000000080000000, 0x0000000100000000)
  region size 1024K, 53 young (54272K), 6 survivors (6144K)
 Metaspace       used 121361K, capacity 124671K, committed 124828K, reserved 1157120K
  class space    used 15543K, capacity 16795K, committed 16896K, reserved 1048576K
}
Event: 260.089 GC heap after
{Heap after GC invocations=146 (full 0):
 garbage-first heap   total 408576K, used 264009K [0x0000000080000000, 0x0000000100000000)
  region size 1024K, 5 young (5120K), 5 survivors (5120K)
 Metaspace       used 121361K, capacity 124671K, committed 124828K, reserved 1157120K
  class space    used 15543K, capacity 16795K, committed 16896K, reserved 1048576K
}
Event: 262.991 GC heap before
{Heap before GC invocations=146 (full 0):
 garbage-first heap   total 408576K, used 331593K [0x0000000080000000, 0x0000000100000000)
  region size 1024K, 56 young (57344K), 5 survivors (5120K)
 Metaspace       used 121464K, capacity 124749K, committed 125084K, reserved 1157120K
  class space    used 15547K, capacity 16798K, committed 16896K, reserved 1048576K
}
Event: 263.080 GC heap after
{Heap after GC invocations=147 (full 0):
 garbage-first heap   total 408576K, used 285047K [0x0000000080000000, 0x0000000100000000)
  region size 1024K, 6 young (6144K), 6 survivors (6144K)
 Metaspace       used 121464K, capacity 124749K, committed 125084K, reserved 1157120K
  class space    used 15547K, capacity 16798K, committed 16896K, reserved 1048576K
}
Event: 264.200 GC heap before
{Heap before GC invocations=147 (full 0):
 garbage-first heap   total 408576K, used 338295K [0x0000000080000000, 0x0000000100000000)
  region size 1024K, 52 young (53248K), 6 survivors (6144K)
 Metaspace       used 121471K, capacity 124751K, committed 125084K, reserved 1157120K
  class space    used 15547K, capacity 16798K, committed 16896K, reserved 1048576K
}
Event: 264.248 GC heap after
{Heap after GC invocations=148 (full 0):
 garbage-first heap   total 408576K, used 297984K [0x0000000080000000, 0x0000000100000000)
  region size 1024K, 7 young (7168K), 7 survivors (7168K)
 Metaspace       used 121471K, capacity 124751K, committed 125084K, reserved 1157120K
  class space    used 15547K, capacity 16798K, committed 16896K, reserved 1048576K
}
Event: 264.742 GC heap before
{Heap before GC invocations=148 (full 0):
 garbage-first heap   total 408576K, used 352256K [0x0000000080000000, 0x0000000100000000)
  region size 1024K, 47 young (48128K), 7 survivors (7168K)
 Metaspace       used 121471K, capacity 124751K, committed 125084K, reserved 1157120K
  class space    used 15547K, capacity 16798K, committed 16896K, reserved 1048576K
}
Event: 264.777 GC heap after
{Heap after GC invocations=149 (full 0):
 garbage-first heap   total 408576K, used 317440K [0x0000000080000000, 0x0000000100000000)
  region size 1024K, 6 young (6144K), 6 survivors (6144K)
 Metaspace       used 121471K, capacity 124751K, committed 125084K, reserved 1157120K
  class space    used 15547K, capacity 16798K, committed 16896K, reserved 1048576K
}
Event: 265.331 GC heap before
{Heap before GC invocations=149 (full 0):
 garbage-first heap   total 408576K, used 348160K [0x0000000080000000, 0x0000000100000000)
  region size 1024K, 36 young (36864K), 6 survivors (6144K)
 Metaspace       used 121484K, capacity 124751K, committed 125084K, reserved 1157120K
  class space    used 15547K, capacity 16798K, committed 16896K, reserved 1048576K
}
Event: 265.348 GC heap after
{Heap after GC invocations=150 (full 0):
 garbage-first heap   total 408576K, used 317732K [0x0000000080000000, 0x0000000100000000)
  region size 1024K, 1 young (1024K), 1 survivors (1024K)
 Metaspace       used 121484K, capacity 124751K, committed 125084K, reserved 1157120K
  class space    used 15547K, capacity 16798K, committed 16896K, reserved 1048576K
}
Event: 267.373 GC heap before
{Heap before GC invocations=150 (full 0):
 garbage-first heap   total 408576K, used 351524K [0x0000000080000000, 0x0000000100000000)
  region size 1024K, 33 young (33792K), 1 survivors (1024K)
 Metaspace       used 121490K, capacity 124806K, committed 125084K, reserved 1157120K
  class space    used 15546K, capacity 16795K, committed 16896K, reserved 1048576K
}

